<?xml version="1.0" encoding="UTF-8"?>
<!-- Generated by org.testng.reporters.JUnitXMLReporter -->
<testsuite hostname="DESKTOP-8051JJ9" ignored="0" name="Test" tests="4" failures="1" timestamp="13 Nov 2017 04:31:39 GMT" time="14.196" errors="0">
  <testcase name="verifySimplWebAppTitle" time="1.365" classname="WebAppTest.HeadlessBrowserTest"/>
  <testcase name="verifySimplWebAppTitleFail" time="0.075" classname="WebAppTest.HeadlessBrowserTest">
    <failure type="java.lang.AssertionError" message="expected [true] but found [false]">
      <![CDATA[java.lang.AssertionError: expected [true] but found [false]
	at WebAppTest.HeadlessBrowserTest.verifySimplWebAppTitleFail(HeadlessBrowserTest.java:36)
... Removed 33 stack frames]]>
    </failure>
  </testcase> <!-- verifySimplWebAppTitleFail -->
  <testcase name="test1" time="7.724" classname="WebAppTest.TestFFonGrid"/>
  <testcase name="test1" time="4.999" classname="WebAppTest.TestChromeOnGrid"/>
</testsuite> <!-- Test -->
